<?xml version="1.0" encoding="UTF-8"?>
<testsuite xmlns:xsi="http://www.w3.org/2001/XMLSchema-instance" xsi:noNamespaceSchemaLocation="https://maven.apache.org/surefire/maven-surefire-plugin/xsd/surefire-test-report-3.0.xsd" version="3.0" name="com.toniferr.peeperJava.PeeperJavaApplicationTests" time="3.71" tests="1" errors="0" skipped="0" failures="0">
  <properties>
[...]
</properties>
  <testcase name="contextLoads" classname="com.toniferr.peeperJava.PeeperJavaApplicationTests" time="1.572">
    <system-out><![CDATA[16:16:14.152 [main] INFO org.springframework.test.context.support.AnnotationConfigContextLoaderUtils -- Could not detect default configuration classes for test class [com.toniferr.peeperJava.PeeperJavaApplicationTests]: PeeperJavaApplicationTests does not declare any static, non-private, non-final, nested classes annotated with @Configuration.
16:16:14.395 [main] INFO org.springframework.boot.test.context.SpringBootTestContextBootstrapper -- Found @SpringBootConfiguration com.toniferr.peeperJava.PeeperJavaApplication for test class com.toniferr.peeperJava.PeeperJavaApplicationTests
  .   ____          _            __ _ _
 /\\ / ___'_ __ _ _(_)_ __  __ _ \ \ \ \
( ( )\___ | '_ | '_| | '_ \/ _` | \ \ \ \
 \\/  ___)| |_)| | | | | || (_| |  ) ) ) )
  '  |____| .__|_| |_|_| |_\__, | / / / /
 =========|_|==============|___/=/_/_/_/

 :: Spring Boot ::                (v3.3.0)

2024-06-10T16:16:15.048+02:00  INFO 10345 --- [peeperJava] [           main] c.t.p.PeeperJavaApplicationTests         : Starting PeeperJavaApplicationTests using Java 21.0.3 with PID 10345 (started by toniferr in /home/toniferr/Workspace/peeperJava)
2024-06-10T16:16:15.052+02:00  INFO 10345 --- [peeperJava] [           main] c.t.p.PeeperJavaApplicationTests         : No active profile set, falling back to 1 default profile: "default"
2024-06-10T16:16:15.980+02:00  INFO 10345 --- [peeperJava] [           main] c.t.p.PeeperJavaApplicationTests         : Started PeeperJavaApplicationTests in 1.364 seconds (process running for 2.989)
]]></system-out>
    <system-err><![CDATA[WARNING: A Java agent has been loaded dynamically (/home/toniferr/.m2/repository/net/bytebuddy/byte-buddy-agent/1.14.16/byte-buddy-agent-1.14.16.jar)
WARNING: If a serviceability tool is in use, please run with -XX:+EnableDynamicAgentLoading to hide this warning
WARNING: If a serviceability tool is not in use, please run with -Djdk.instrument.traceUsage for more information
WARNING: Dynamic loading of agents will be disallowed by default in a future release
]]></system-err>
  </testcase>
</testsuite>